<?xml version="1.0" encoding="UTF-8"?>
<testsuites name="New Test Suite" time="12.212" tests="1" failures="0" errors="0">
   <testsuite name="New Test Suite" tests="1" failures="0" errors="0" time="12.212" skipped="0" timestamp="05-05-2024T23:05:31" hostname="prach - Prachee.home" id="Test Suites/New Test Suite">
      <properties>
         <property name="deviceName" value=""/>
         <property name="devicePlatform" value=""/>
         <property name="logFolder" value="C:\\Users\\prach\\Katalon Studio\\newRepoForKatalon\\Reports\\20240505_230519\\New Test Suite\\20240505_230525"/>
         <property name="logFiles" value="C:\\Users\\prach\\Katalon Studio\\newRepoForKatalon\\Reports\\20240505_230519\\New Test Suite\\20240505_230525\\execution0.log"/>
         <property name="attachments" value=""/>
         <property name="hostName" value="prach - Prachee.home"/>
         <property name="os" value="Windows 11 64bit"/>
         <property name="katalonVersion" value="9.4.0.212"/>
         <property name="browser" value="Chrome 124.0.0.0"/>
         <property name="hostAddress" value="192.168.1.120"/>
         <property name="sessionId" value="1717ff3ff163914a94c2ed540bcec275"/>
         <property name="seleniumVersion" value="3.141.59"/>
         <property name="proxyInformation" value="ProxyInformation { proxyOption=NO_PROXY, proxyServerType=HTTP, username=, password=********, proxyServerAddress=, proxyServerPort=0, executionList=&quot;&quot;, isApplyToDesiredCapabilities=true }"/>
         <property name="platform" value="Windows 11"/>
      </properties>
      <testcase name="Test Cases/New Test Case" time="11.585" classname="Test Cases/New Test Case" status="PASSED">
         <system-out><![CDATA[05-05-2024T23:05:31 - [TEST_CASE][PASSED] - Test Cases/New Test Case: Test Cases/New Test Case

05-05-2024T23:05:32 - [TEST_STEP][PASSED] - openBrowser(""): Browser is opened with url: ''

05-05-2024T23:05:32 - [MESSAGE][INFO] - Starting 'Chrome' driver

05-05-2024T23:05:32 - [MESSAGE][INFO] - Action delay is set to 0 milliseconds

05-05-2024T23:05:35 - [MESSAGE][PASSED] - Browser is opened with url: ''

05-05-2024T23:05:35 - [TEST_STEP][PASSED] - navigateToUrl("https://www.google.com/"): Navigate to 'https://www.google.com/' successfully

05-05-2024T23:05:40 - [MESSAGE][PASSED] - Navigate to 'https://www.google.com/' successfully

05-05-2024T23:05:40 - [TEST_STEP][PASSED] - click(findTestObject("Object Repository/test1/Page_Google/div_Accept all")): Object: 'Object Repository/test1/Page_Google/div_Accept all' is clicked on

05-05-2024T23:05:41 - [MESSAGE][PASSED] - Object: 'Object Repository/test1/Page_Google/div_Accept all' is clicked on

05-05-2024T23:05:41 - [TEST_STEP][PASSED] - click(findTestObject("Object Repository/test1/Page_Google/img_Sign in_lnXdpd")): Object: 'Object Repository/test1/Page_Google/img_Sign in_lnXdpd' is clicked on

05-05-2024T23:05:42 - [MESSAGE][PASSED] - Object: 'Object Repository/test1/Page_Google/img_Sign in_lnXdpd' is clicked on

05-05-2024T23:05:42 - [TEST_STEP][PASSED] - closeBrowser(): Browser is closed

05-05-2024T23:05:43 - [MESSAGE][PASSED] - Browser is closed]]></system-out>
         <system-err><![CDATA[]]></system-err>
      </testcase>
      <system-out><![CDATA[05-05-2024T23:05:31 - [TEST_SUITE][PASSED] - New Test Suite: Test Cases/New Test Case]]></system-out>
      <system-err><![CDATA[]]></system-err>
   </testsuite>
</testsuites>
